Using pre-set license
Built from '2020.3/staging' branch; Version is '2020.3.8f1 (507919d4fff5) revision 5273881'; Using compiler version '192528614'; Build Type 'Release'
OS: 'Windows 10 Pro; OS build 19043.1348; Version 2009; 64bit' Language: 'en' Physical Memory: 32682 MB
BatchMode: 1, IsHumanControllingUs: 0, StartBugReporterOnCrash: 0, Is64bit: 1, IsPro: 0

 COMMAND LINE ARGUMENTS:
E:\Unity\Editors\2020.3.8f1\Editor\Unity.exe
-adb2
-batchMode
-noUpm
-name
AssetImportWorker0
-projectPath
D:/Documents/Unity/Meando/meando-physics-island
-logFile
Logs/AssetImportWorker0.log
-srvPort
51565
Successfully changed project path to: D:/Documents/Unity/Meando/meando-physics-island
D:/Documents/Unity/Meando/meando-physics-island
Using Asset Import Pipeline V2.
Refreshing native plugins compatible for Editor in 29.89 ms, found 0 plugins.
Preloading 0 native plugins for Editor in 0.00 ms.
Initialize engine version: 2020.3.8f1 (507919d4fff5)
[Subsystems] Discovering subsystems at path E:/Unity/Editors/2020.3.8f1/Editor/Data/Resources/UnitySubsystems
[Subsystems] Discovering subsystems at path D:/Documents/Unity/Meando/meando-physics-island/Assets
GfxDevice: creating device client; threaded=0
Direct3D:
    Version:  Direct3D 11.0 [level 11.1]
    Renderer: NVIDIA GeForce RTX 2070 SUPER (ID=0x1e84)
    Vendor:   
    VRAM:     8011 MB
    Driver:   27.21.14.5671
Initialize mono
Mono path[0] = 'E:/Unity/Editors/2020.3.8f1/Editor/Data/Managed'
Mono path[1] = 'E:/Unity/Editors/2020.3.8f1/Editor/Data/MonoBleedingEdge/lib/mono/unityjit'
Mono config path = 'E:/Unity/Editors/2020.3.8f1/Editor/Data/MonoBleedingEdge/etc'
Using monoOptions --debugger-agent=transport=dt_socket,embedding=1,server=y,suspend=n,address=127.0.0.1:56184
Begin MonoManager ReloadAssembly
Registering precompiled unity dll's ...
Register platform support module: E:/Unity/Editors/2020.3.8f1/Editor/Data/PlaybackEngines/WindowsStandaloneSupport/UnityEditor.WindowsStandalone.Extensions.dll
Registered in 0.001007 seconds.
Native extension for WindowsStandalone target not found
Refreshing native plugins compatible for Editor in 31.02 ms, found 0 plugins.
Preloading 0 native plugins for Editor in 0.00 ms.
Mono: successfully reloaded assembly
- Completed reload, in  1.006 seconds
Platform modules already initialized, skipping
Registering precompiled user dll's ...
Registered in 0.001360 seconds.
Begin MonoManager ReloadAssembly
Native extension for WindowsStandalone target not found
Refreshing native plugins compatible for Editor in 30.65 ms, found 0 plugins.
Preloading 0 native plugins for Editor in 0.00 ms.
Mono: successfully reloaded assembly
- Completed reload, in  0.864 seconds
Platform modules already initialized, skipping
========================================================================
Worker process is ready to serve import requests
Launched and connected shader compiler UnityShaderCompiler.exe after 0.03 seconds
Refreshing native plugins compatible for Editor in 0.31 ms, found 0 plugins.
Preloading 0 native plugins for Editor in 0.00 ms.
Unloading 1700 Unused Serialized files (Serialized files now loaded: 0)
System memory in use before: 76.6 MB.
System memory in use after: 76.7 MB.

Unloading 17 unused Assets to reduce memory usage. Loaded Objects now: 2139.
Total: 1.991400 ms (FindLiveObjects: 0.165900 ms CreateObjectMapping: 0.047900 ms MarkObjects: 1.710600 ms  DeleteObjects: 0.066100 ms)

========================================================================
Received Import Request.
  path: Assets/Thirdparty/Ciathyza
  artifactKey: Guid(70b9c941ef1124745803eba857c82954) Importer(815301076,1909f56bfc062723c751e8b465ee728b)
Start importing Assets/Thirdparty/Ciathyza using Guid(70b9c941ef1124745803eba857c82954) Importer(815301076,1909f56bfc062723c751e8b465ee728b)  -> (artifact id: '1f16410d36d7425e0011c93e56ccad7b') in 0.006830 seconds
  Import took 0.009007 seconds .

========================================================================
Received Import Request.
  Time since last request: 0.000252 seconds.
  path: Assets/Thirdparty/Ciathyza/Gridbox Prototype Materials
  artifactKey: Guid(6a2861bb1fc2bf549863c6fc8bd13f3b) Importer(815301076,1909f56bfc062723c751e8b465ee728b)
Start importing Assets/Thirdparty/Ciathyza/Gridbox Prototype Materials using Guid(6a2861bb1fc2bf549863c6fc8bd13f3b) Importer(815301076,1909f56bfc062723c751e8b465ee728b)  -> (artifact id: '2fc677a02a209ab2fcda14b9e3597606') in 0.008317 seconds
  Import took 0.010464 seconds .

========================================================================
Received Import Request.
  Time since last request: 0.000211 seconds.
  path: Assets/Thirdparty/Ciathyza/Gridbox Prototype Materials/Materials
  artifactKey: Guid(399cff2d68318a946838ccb784ef4c77) Importer(815301076,1909f56bfc062723c751e8b465ee728b)
Start importing Assets/Thirdparty/Ciathyza/Gridbox Prototype Materials/Materials using Guid(399cff2d68318a946838ccb784ef4c77) Importer(815301076,1909f56bfc062723c751e8b465ee728b)  -> (artifact id: 'ba28dd3aa94bccf72b13912fb42be138') in 0.005190 seconds
  Import took 0.007397 seconds .

========================================================================
Received Import Request.
  Time since last request: 0.851750 seconds.
  path: Assets/Thirdparty/Ciathyza/Gridbox Prototype Materials/Materials/Standard
  artifactKey: Guid(5b101da68e9261049841c73c48f7a8d9) Importer(815301076,1909f56bfc062723c751e8b465ee728b)
Start importing Assets/Thirdparty/Ciathyza/Gridbox Prototype Materials/Materials/Standard using Guid(5b101da68e9261049841c73c48f7a8d9) Importer(815301076,1909f56bfc062723c751e8b465ee728b)  -> (artifact id: '41c79e3c2fae3e44a22e91d1ede4d049') in 0.006592 seconds
  Import took 0.008986 seconds .

========================================================================
Received Import Request.
  Time since last request: 0.080860 seconds.
  path: Assets/Thirdparty/Ciathyza/Gridbox Prototype Materials/Materials/Standard/Prototype_512x512_Blue1.mat
  artifactKey: Guid(663834164c6a04740aaa1b778249ce7e) Importer(815301076,1909f56bfc062723c751e8b465ee728b)
Start importing Assets/Thirdparty/Ciathyza/Gridbox Prototype Materials/Materials/Standard/Prototype_512x512_Blue1.mat using Guid(663834164c6a04740aaa1b778249ce7e) Importer(815301076,1909f56bfc062723c751e8b465ee728b)  -> (artifact id: '89ff702c7ff06994a821aead74c46439') in 0.268699 seconds
  Import took 0.271258 seconds .

========================================================================
Received Import Request.
  Time since last request: 0.000252 seconds.
  path: Assets/Thirdparty/Ciathyza/Gridbox Prototype Materials/Materials/Standard/Prototype_512x512_Red.mat
  artifactKey: Guid(5a26de236ce89e94b963be8fa2b7ade6) Importer(815301076,1909f56bfc062723c751e8b465ee728b)
Start importing Assets/Thirdparty/Ciathyza/Gridbox Prototype Materials/Materials/Standard/Prototype_512x512_Red.mat using Guid(5a26de236ce89e94b963be8fa2b7ade6) Importer(815301076,1909f56bfc062723c751e8b465ee728b)  -> (artifact id: '7f9284761a4694d9698b153de7630495') in 0.011472 seconds
  Import took 0.013842 seconds .

========================================================================
Received Import Request.
  Time since last request: 0.000242 seconds.
  path: Assets/Thirdparty/Ciathyza/Gridbox Prototype Materials/Materials/Standard/Prototype_512x512_Olive.mat
  artifactKey: Guid(f794c8451763f354c84ed1f9b0ea15a5) Importer(815301076,1909f56bfc062723c751e8b465ee728b)
Start importing Assets/Thirdparty/Ciathyza/Gridbox Prototype Materials/Materials/Standard/Prototype_512x512_Olive.mat using Guid(f794c8451763f354c84ed1f9b0ea15a5) Importer(815301076,1909f56bfc062723c751e8b465ee728b)  -> (artifact id: 'ef418c691ea327c937dccf1c5e31eeee') in 0.013329 seconds
  Import took 0.015700 seconds .

========================================================================
Received Import Request.
  Time since last request: 0.000205 seconds.
  path: Assets/Thirdparty/Ciathyza/Gridbox Prototype Materials/Materials/Standard/Prototype_512x512_Green3.mat
  artifactKey: Guid(f6298605825d7154f8923c76872aa46e) Importer(815301076,1909f56bfc062723c751e8b465ee728b)
Start importing Assets/Thirdparty/Ciathyza/Gridbox Prototype Materials/Materials/Standard/Prototype_512x512_Green3.mat using Guid(f6298605825d7154f8923c76872aa46e) Importer(815301076,1909f56bfc062723c751e8b465ee728b)  -> (artifact id: 'c370a926f8abde0ae6775c5d81f9cd45') in 0.013205 seconds
  Import took 0.015592 seconds .

========================================================================
Received Import Request.
  Time since last request: 0.000248 seconds.
  path: Assets/Thirdparty/Ciathyza/Gridbox Prototype Materials/Materials/Standard/Prototype_512x512_White.mat
  artifactKey: Guid(aeee7071bea0a4c478b4fea5933c5f79) Importer(815301076,1909f56bfc062723c751e8b465ee728b)
Start importing Assets/Thirdparty/Ciathyza/Gridbox Prototype Materials/Materials/Standard/Prototype_512x512_White.mat using Guid(aeee7071bea0a4c478b4fea5933c5f79) Importer(815301076,1909f56bfc062723c751e8b465ee728b)  -> (artifact id: '65653f254f2f7378896e87c8e82fccde') in 0.013746 seconds
  Import took 0.016157 seconds .

========================================================================
Received Import Request.
  Time since last request: 0.000248 seconds.
  path: Assets/Thirdparty/Ciathyza/Gridbox Prototype Materials/Materials/Standard/Prototype_512x512_Grey3.mat
  artifactKey: Guid(17c44fb3e5be9644586a0728a5f5a386) Importer(815301076,1909f56bfc062723c751e8b465ee728b)
Start importing Assets/Thirdparty/Ciathyza/Gridbox Prototype Materials/Materials/Standard/Prototype_512x512_Grey3.mat using Guid(17c44fb3e5be9644586a0728a5f5a386) Importer(815301076,1909f56bfc062723c751e8b465ee728b)  -> (artifact id: '545e16a4fc68ce6f19e1615ed7332b25') in 0.014067 seconds
  Import took 0.016484 seconds .

========================================================================
Received Import Request.
  Time since last request: 0.000162 seconds.
  path: Assets/Thirdparty/Ciathyza/Gridbox Prototype Materials/Materials/Standard/Prototype_512x512_Grey4.mat
  artifactKey: Guid(8d530ffe6c4968843806085897955b9d) Importer(815301076,1909f56bfc062723c751e8b465ee728b)
Start importing Assets/Thirdparty/Ciathyza/Gridbox Prototype Materials/Materials/Standard/Prototype_512x512_Grey4.mat using Guid(8d530ffe6c4968843806085897955b9d) Importer(815301076,1909f56bfc062723c751e8b465ee728b)  -> (artifact id: '05a17c95f9254d7b93701a059a7ee678') in 0.014196 seconds
  Import took 0.016883 seconds .

========================================================================
Received Import Request.
  Time since last request: 0.000200 seconds.
  path: Assets/Thirdparty/Ciathyza/Gridbox Prototype Materials/Materials/Standard/Prototype_512x512_Green1.mat
  artifactKey: Guid(79f64ed6f5d6d374d91c3a0af4070258) Importer(815301076,1909f56bfc062723c751e8b465ee728b)
Start importing Assets/Thirdparty/Ciathyza/Gridbox Prototype Materials/Materials/Standard/Prototype_512x512_Green1.mat using Guid(79f64ed6f5d6d374d91c3a0af4070258) Importer(815301076,1909f56bfc062723c751e8b465ee728b)  -> (artifact id: '2ab41c2bf4a081510a5e3e987a98a335') in 0.013992 seconds
  Import took 0.016764 seconds .

========================================================================
Received Import Request.
  Time since last request: 0.000193 seconds.
  path: Assets/Thirdparty/Ciathyza/Gridbox Prototype Materials/Materials/Standard/Prototype_512x512_Blue3.mat
  artifactKey: Guid(b0b4de3bd6e976e4f8b3adc6e72377ed) Importer(815301076,1909f56bfc062723c751e8b465ee728b)
Start importing Assets/Thirdparty/Ciathyza/Gridbox Prototype Materials/Materials/Standard/Prototype_512x512_Blue3.mat using Guid(b0b4de3bd6e976e4f8b3adc6e72377ed) Importer(815301076,1909f56bfc062723c751e8b465ee728b)  -> (artifact id: '81e9e3b768774d416ed77d5044b384ed') in 0.013817 seconds
  Import took 0.016180 seconds .

========================================================================
Received Import Request.
  Time since last request: 0.000205 seconds.
  path: Assets/Thirdparty/Ciathyza/Gridbox Prototype Materials/Materials/Standard/Prototype_512x512_Magenta.mat
  artifactKey: Guid(4b905f60df09c8245b6e0d5af2e04c7f) Importer(815301076,1909f56bfc062723c751e8b465ee728b)
Start importing Assets/Thirdparty/Ciathyza/Gridbox Prototype Materials/Materials/Standard/Prototype_512x512_Magenta.mat using Guid(4b905f60df09c8245b6e0d5af2e04c7f) Importer(815301076,1909f56bfc062723c751e8b465ee728b)  -> (artifact id: '0c7dee9306e3179c1eddd82ff3ff255f') in 0.015234 seconds
  Import took 0.017596 seconds .

========================================================================
Received Import Request.
  Time since last request: 0.000179 seconds.
  path: Assets/Thirdparty/Ciathyza/Gridbox Prototype Materials/Materials/Standard/Prototype_512x512_Pink.mat
  artifactKey: Guid(4944e2c33c99f9f46a4796e2e746213e) Importer(815301076,1909f56bfc062723c751e8b465ee728b)
Start importing Assets/Thirdparty/Ciathyza/Gridbox Prototype Materials/Materials/Standard/Prototype_512x512_Pink.mat using Guid(4944e2c33c99f9f46a4796e2e746213e) Importer(815301076,1909f56bfc062723c751e8b465ee728b)  -> (artifact id: '298648372601bac71988273ad2c8bc92') in 0.012274 seconds
  Import took 0.014700 seconds .

========================================================================
Received Import Request.
  Time since last request: 0.000213 seconds.
  path: Assets/Thirdparty/Ciathyza/Gridbox Prototype Materials/Materials/Standard/Prototype_512x512_Orange.mat
  artifactKey: Guid(652107f36a28e44479c0b827dee5852a) Importer(815301076,1909f56bfc062723c751e8b465ee728b)
Start importing Assets/Thirdparty/Ciathyza/Gridbox Prototype Materials/Materials/Standard/Prototype_512x512_Orange.mat using Guid(652107f36a28e44479c0b827dee5852a) Importer(815301076,1909f56bfc062723c751e8b465ee728b)  -> (artifact id: '0edb80715eb4ff146fce1e71f06e66ec') in 0.014176 seconds
  Import took 0.016676 seconds .

========================================================================
Received Import Request.
  Time since last request: 0.000233 seconds.
  path: Assets/Thirdparty/Ciathyza/Gridbox Prototype Materials/Materials/Standard/Prototype_512x512_Cyan.mat
  artifactKey: Guid(cba66c276aed0874091de1c33eb3950d) Importer(815301076,1909f56bfc062723c751e8b465ee728b)
Start importing Assets/Thirdparty/Ciathyza/Gridbox Prototype Materials/Materials/Standard/Prototype_512x512_Cyan.mat using Guid(cba66c276aed0874091de1c33eb3950d) Importer(815301076,1909f56bfc062723c751e8b465ee728b)  -> (artifact id: '080a2a9dbb4bb8e36bd564427b4ef99d') in 0.013010 seconds
  Import took 0.015390 seconds .

========================================================================
Received Import Request.
  Time since last request: 0.000176 seconds.
  path: Assets/Thirdparty/Ciathyza/Gridbox Prototype Materials/Materials/Standard/Prototype_512x512_Green2.mat
  artifactKey: Guid(dbe80190c9adea34c8c8845ca4a17934) Importer(815301076,1909f56bfc062723c751e8b465ee728b)
Start importing Assets/Thirdparty/Ciathyza/Gridbox Prototype Materials/Materials/Standard/Prototype_512x512_Green2.mat using Guid(dbe80190c9adea34c8c8845ca4a17934) Importer(815301076,1909f56bfc062723c751e8b465ee728b)  -> (artifact id: '56874c31666292ed5f7e1f0f4a808bb7') in 0.010860 seconds
  Import took 0.013280 seconds .

========================================================================
Received Import Request.
  Time since last request: 0.000160 seconds.
  path: Assets/Thirdparty/Ciathyza/Gridbox Prototype Materials/Materials/Standard/Prototype_512x512_Grey1.mat
  artifactKey: Guid(c181c23a6120fbe4aadd5bb53a58dd78) Importer(815301076,1909f56bfc062723c751e8b465ee728b)
Start importing Assets/Thirdparty/Ciathyza/Gridbox Prototype Materials/Materials/Standard/Prototype_512x512_Grey1.mat using Guid(c181c23a6120fbe4aadd5bb53a58dd78) Importer(815301076,1909f56bfc062723c751e8b465ee728b)  -> (artifact id: '21114296b1ee7a013e82f6332ff76ca4') in 0.010398 seconds
  Import took 0.012889 seconds .

========================================================================
Received Import Request.
  Time since last request: 0.000214 seconds.
  path: Assets/Thirdparty/Ciathyza/Gridbox Prototype Materials/Materials/Standard/Prototype_512x512_Purple.mat
  artifactKey: Guid(36bce9ab6cae8ce43962938466458044) Importer(815301076,1909f56bfc062723c751e8b465ee728b)
Start importing Assets/Thirdparty/Ciathyza/Gridbox Prototype Materials/Materials/Standard/Prototype_512x512_Purple.mat using Guid(36bce9ab6cae8ce43962938466458044) Importer(815301076,1909f56bfc062723c751e8b465ee728b)  -> (artifact id: 'ed53188503e33eb5125e7ee747de9388') in 0.010402 seconds
  Import took 0.012873 seconds .

========================================================================
Received Import Request.
  Time since last request: 0.000229 seconds.
  path: Assets/Thirdparty/Ciathyza/Gridbox Prototype Materials/Materials/Standard/Prototype_512x512_Yellow.mat
  artifactKey: Guid(c852af001dae0064e9acaa832f1dadb7) Importer(815301076,1909f56bfc062723c751e8b465ee728b)
Start importing Assets/Thirdparty/Ciathyza/Gridbox Prototype Materials/Materials/Standard/Prototype_512x512_Yellow.mat using Guid(c852af001dae0064e9acaa832f1dadb7) Importer(815301076,1909f56bfc062723c751e8b465ee728b)  -> (artifact id: '5ccf4fa20fe705a635cc333df9aa9d6a') in 0.010328 seconds
  Import took 0.012794 seconds .

========================================================================
Received Import Request.
  Time since last request: 0.000243 seconds.
  path: Assets/Thirdparty/Ciathyza/Gridbox Prototype Materials/Materials/Standard/Prototype_512x512_Grey2.mat
  artifactKey: Guid(07dc66ae04b7f6a43b9674bf0fefb33a) Importer(815301076,1909f56bfc062723c751e8b465ee728b)
Start importing Assets/Thirdparty/Ciathyza/Gridbox Prototype Materials/Materials/Standard/Prototype_512x512_Grey2.mat using Guid(07dc66ae04b7f6a43b9674bf0fefb33a) Importer(815301076,1909f56bfc062723c751e8b465ee728b)  -> (artifact id: '877520374cc527c90c176fad97179847') in 0.016377 seconds
  Import took 0.018932 seconds .

========================================================================
Received Import Request.
  Time since last request: 0.000181 seconds.
  path: Assets/Thirdparty/Ciathyza/Gridbox Prototype Materials/Materials/Standard/Prototype_512x512_Brown.mat
  artifactKey: Guid(a54b7ad866d3a9b47bbf3b53baa0acc4) Importer(815301076,1909f56bfc062723c751e8b465ee728b)
Start importing Assets/Thirdparty/Ciathyza/Gridbox Prototype Materials/Materials/Standard/Prototype_512x512_Brown.mat using Guid(a54b7ad866d3a9b47bbf3b53baa0acc4) Importer(815301076,1909f56bfc062723c751e8b465ee728b)  -> (artifact id: '3b2eb5a6a4818dd3fefd5ae09f0b5512') in 0.011001 seconds
  Import took 0.013485 seconds .

========================================================================
Received Import Request.
  Time since last request: 0.000264 seconds.
  path: Assets/Thirdparty/Ciathyza/Gridbox Prototype Materials/Materials/Standard/Prototype_512x512_Blue2.mat
  artifactKey: Guid(5e148de6cdf2d164aa3e3f90ce8c852c) Importer(815301076,1909f56bfc062723c751e8b465ee728b)
Start importing Assets/Thirdparty/Ciathyza/Gridbox Prototype Materials/Materials/Standard/Prototype_512x512_Blue2.mat using Guid(5e148de6cdf2d164aa3e3f90ce8c852c) Importer(815301076,1909f56bfc062723c751e8b465ee728b)  -> (artifact id: '341e889d6cf479094b811c3feeb294c1') in 0.011575 seconds
  Import took 0.014067 seconds .

========================================================================
Received Prepare
Registering precompiled user dll's ...
Registered in 0.001373 seconds.
Begin MonoManager ReloadAssembly
Native extension for WindowsStandalone target not found
Refreshing native plugins compatible for Editor in 0.32 ms, found 0 plugins.
Preloading 0 native plugins for Editor in 0.00 ms.
Mono: successfully reloaded assembly
- Completed reload, in  0.771 seconds
Platform modules already initialized, skipping
Refreshing native plugins compatible for Editor in 0.29 ms, found 0 plugins.
Preloading 0 native plugins for Editor in 0.00 ms.
Unloading 1695 Unused Serialized files (Serialized files now loaded: 0)
System memory in use before: 80.1 MB.
System memory in use after: 80.1 MB.

Unloading 10 unused Assets to reduce memory usage. Loaded Objects now: 2182.
Total: 1.728000 ms (FindLiveObjects: 0.131900 ms CreateObjectMapping: 0.044900 ms MarkObjects: 1.513500 ms  DeleteObjects: 0.036900 ms)

========================================================================
Received Import Request.
  Time since last request: 113.320489 seconds.
  path: Assets/Content
  artifactKey: Guid(b52abedca66ca34448da0e598c129998) Importer(815301076,1909f56bfc062723c751e8b465ee728b)
Start importing Assets/Content using Guid(b52abedca66ca34448da0e598c129998) Importer(815301076,1909f56bfc062723c751e8b465ee728b)  -> (artifact id: '2fbd8a9f3f055e2cf5b4500e71a3535b') in 0.006994 seconds
  Import took 0.009274 seconds .

========================================================================
Received Import Request.
  Time since last request: 4.308968 seconds.
  path: Assets/Content/Scripts
  artifactKey: Guid(bf89cb26ac543324793388fbb3b0be26) Importer(815301076,1909f56bfc062723c751e8b465ee728b)
Start importing Assets/Content/Scripts using Guid(bf89cb26ac543324793388fbb3b0be26) Importer(815301076,1909f56bfc062723c751e8b465ee728b)  -> (artifact id: '70446c7d26ba102590f31f5fe08a49d1') in 0.004768 seconds
  Import took 0.007260 seconds .

========================================================================
Received Import Request.
  Time since last request: 6.010857 seconds.
  path: Assets/Content/Scripts/Player
  artifactKey: Guid(7a4bedc42f21eab4ea2bde79e873abd5) Importer(815301076,1909f56bfc062723c751e8b465ee728b)
Start importing Assets/Content/Scripts/Player using Guid(7a4bedc42f21eab4ea2bde79e873abd5) Importer(815301076,1909f56bfc062723c751e8b465ee728b)  -> (artifact id: '7bba1cfc028d52ce9c0ae452bf3725f5') in 0.004869 seconds
  Import took 0.007376 seconds .

========================================================================
Received Import Request.
  Time since last request: 12.711107 seconds.
  path: Assets/Content/Scripts/Player/FirstPersonMovement.cs
  artifactKey: Guid(d140fdd9d63dbdb40a0d579e7856b39a) Importer(815301076,1909f56bfc062723c751e8b465ee728b)
Start importing Assets/Content/Scripts/Player/FirstPersonMovement.cs using Guid(d140fdd9d63dbdb40a0d579e7856b39a) Importer(815301076,1909f56bfc062723c751e8b465ee728b)  -> (artifact id: '0cb4327d78d68b189c76805768b56364') in 0.018601 seconds
  Import took 0.021337 seconds .

========================================================================
Received Import Request.
  Time since last request: 0.003623 seconds.
  path: Assets/Content/Scripts/Player/FirstPersonMovement.cs
  artifactKey: Guid(d140fdd9d63dbdb40a0d579e7856b39a) Importer(815301076,1909f56bfc062723c751e8b465ee728b)
Start importing Assets/Content/Scripts/Player/FirstPersonMovement.cs using Guid(d140fdd9d63dbdb40a0d579e7856b39a) Importer(815301076,1909f56bfc062723c751e8b465ee728b)  -> (artifact id: '0cb4327d78d68b189c76805768b56364') in 0.001706 seconds
  Import took 0.004858 seconds .

========================================================================
Received Prepare
Registering precompiled user dll's ...
Registered in 0.001208 seconds.
Begin MonoManager ReloadAssembly
Native extension for WindowsStandalone target not found
Refreshing native plugins compatible for Editor in 0.32 ms, found 0 plugins.
Preloading 0 native plugins for Editor in 0.00 ms.
Mono: successfully reloaded assembly
- Completed reload, in  0.774 seconds
Platform modules already initialized, skipping
Refreshing native plugins compatible for Editor in 0.27 ms, found 0 plugins.
Preloading 0 native plugins for Editor in 0.00 ms.
Unloading 1696 Unused Serialized files (Serialized files now loaded: 0)
System memory in use before: 80.1 MB.
System memory in use after: 80.2 MB.

Unloading 10 unused Assets to reduce memory usage. Loaded Objects now: 2186.
Total: 1.915600 ms (FindLiveObjects: 0.156700 ms CreateObjectMapping: 0.047000 ms MarkObjects: 1.674900 ms  DeleteObjects: 0.036300 ms)

========================================================================
Received Import Request.
  Time since last request: 254.723225 seconds.
  path: Assets/Content/Scripts/Player/PlayerInput.cs
  artifactKey: Guid(c267f7345f45ab744b6902208f59fd37) Importer(815301076,1909f56bfc062723c751e8b465ee728b)
Start importing Assets/Content/Scripts/Player/PlayerInput.cs using Guid(c267f7345f45ab744b6902208f59fd37) Importer(815301076,1909f56bfc062723c751e8b465ee728b)  -> (artifact id: '40cb9ff0f2fa1d034b3b9428facae101') in 0.006871 seconds
  Import took 0.009508 seconds .

========================================================================
Received Prepare
Registering precompiled user dll's ...
Registered in 0.001267 seconds.
Begin MonoManager ReloadAssembly
Native extension for WindowsStandalone target not found
Refreshing native plugins compatible for Editor in 0.33 ms, found 0 plugins.
Preloading 0 native plugins for Editor in 0.00 ms.
Mono: successfully reloaded assembly
- Completed reload, in  0.772 seconds
Platform modules already initialized, skipping
Refreshing native plugins compatible for Editor in 0.34 ms, found 0 plugins.
Preloading 0 native plugins for Editor in 0.00 ms.
Unloading 1697 Unused Serialized files (Serialized files now loaded: 0)
System memory in use before: 80.2 MB.
System memory in use after: 80.2 MB.

Unloading 10 unused Assets to reduce memory usage. Loaded Objects now: 2190.
Total: 1.904900 ms (FindLiveObjects: 0.164200 ms CreateObjectMapping: 0.046800 ms MarkObjects: 1.650900 ms  DeleteObjects: 0.042300 ms)

========================================================================
Received Prepare
Registering precompiled user dll's ...
Registered in 0.001308 seconds.
Begin MonoManager ReloadAssembly
Native extension for WindowsStandalone target not found
Refreshing native plugins compatible for Editor in 0.34 ms, found 0 plugins.
Preloading 0 native plugins for Editor in 0.00 ms.
Mono: successfully reloaded assembly
- Completed reload, in  0.779 seconds
Platform modules already initialized, skipping
Refreshing native plugins compatible for Editor in 0.40 ms, found 0 plugins.
Preloading 0 native plugins for Editor in 0.00 ms.
Unloading 1697 Unused Serialized files (Serialized files now loaded: 0)
System memory in use before: 80.2 MB.
System memory in use after: 80.3 MB.

Unloading 10 unused Assets to reduce memory usage. Loaded Objects now: 2193.
Total: 1.795700 ms (FindLiveObjects: 0.139500 ms CreateObjectMapping: 0.046000 ms MarkObjects: 1.563100 ms  DeleteObjects: 0.046300 ms)

========================================================================
Received Import Request.
  Time since last request: 488.620197 seconds.
  path: Assets/Content/Scripts/Player/PlayerInput.cs
  artifactKey: Guid(c267f7345f45ab744b6902208f59fd37) Importer(815301076,1909f56bfc062723c751e8b465ee728b)
Start importing Assets/Content/Scripts/Player/PlayerInput.cs using Guid(c267f7345f45ab744b6902208f59fd37) Importer(815301076,1909f56bfc062723c751e8b465ee728b)  -> (artifact id: '15c90d6a46c9ff6178b0a8ee08f27e58') in 0.003371 seconds
  Import took 0.005633 seconds .

========================================================================
Received Prepare
Registering precompiled user dll's ...
Registered in 0.001957 seconds.
Begin MonoManager ReloadAssembly
Native extension for WindowsStandalone target not found
Refreshing native plugins compatible for Editor in 0.31 ms, found 0 plugins.
Preloading 0 native plugins for Editor in 0.00 ms.
Mono: successfully reloaded assembly
- Completed reload, in  0.759 seconds
Platform modules already initialized, skipping
Refreshing native plugins compatible for Editor in 0.31 ms, found 0 plugins.
Preloading 0 native plugins for Editor in 0.00 ms.
Unloading 1697 Unused Serialized files (Serialized files now loaded: 0)
System memory in use before: 80.2 MB.
System memory in use after: 80.3 MB.

Unloading 10 unused Assets to reduce memory usage. Loaded Objects now: 2196.
Total: 1.708200 ms (FindLiveObjects: 0.136100 ms CreateObjectMapping: 0.046100 ms MarkObjects: 1.487100 ms  DeleteObjects: 0.038400 ms)

========================================================================
Received Prepare
Registering precompiled user dll's ...
Registered in 0.001301 seconds.
Begin MonoManager ReloadAssembly
Native extension for WindowsStandalone target not found
Refreshing native plugins compatible for Editor in 0.36 ms, found 0 plugins.
Preloading 0 native plugins for Editor in 0.00 ms.
Mono: successfully reloaded assembly
- Completed reload, in  0.763 seconds
Platform modules already initialized, skipping
Refreshing native plugins compatible for Editor in 0.27 ms, found 0 plugins.
Preloading 0 native plugins for Editor in 0.00 ms.
Unloading 1697 Unused Serialized files (Serialized files now loaded: 0)
System memory in use before: 80.2 MB.
System memory in use after: 80.3 MB.

Unloading 10 unused Assets to reduce memory usage. Loaded Objects now: 2199.
Total: 1.991400 ms (FindLiveObjects: 0.172500 ms CreateObjectMapping: 0.050700 ms MarkObjects: 1.722200 ms  DeleteObjects: 0.045100 ms)

========================================================================
Received Prepare
Registering precompiled user dll's ...
Registered in 0.001385 seconds.
Begin MonoManager ReloadAssembly
Native extension for WindowsStandalone target not found
Refreshing native plugins compatible for Editor in 0.35 ms, found 0 plugins.
Preloading 0 native plugins for Editor in 0.00 ms.
Mono: successfully reloaded assembly
- Completed reload, in  0.775 seconds
Platform modules already initialized, skipping
Refreshing native plugins compatible for Editor in 0.32 ms, found 0 plugins.
Preloading 0 native plugins for Editor in 0.00 ms.
Unloading 1697 Unused Serialized files (Serialized files now loaded: 0)
System memory in use before: 80.2 MB.
System memory in use after: 80.3 MB.

Unloading 10 unused Assets to reduce memory usage. Loaded Objects now: 2202.
Total: 1.988400 ms (FindLiveObjects: 0.183100 ms CreateObjectMapping: 0.050900 ms MarkObjects: 1.707400 ms  DeleteObjects: 0.046000 ms)

========================================================================
Received Prepare
Registering precompiled user dll's ...
Registered in 0.001286 seconds.
Begin MonoManager ReloadAssembly
Native extension for WindowsStandalone target not found
Refreshing native plugins compatible for Editor in 0.32 ms, found 0 plugins.
Preloading 0 native plugins for Editor in 0.00 ms.
Mono: successfully reloaded assembly
- Completed reload, in  0.773 seconds
Platform modules already initialized, skipping
Refreshing native plugins compatible for Editor in 0.31 ms, found 0 plugins.
Preloading 0 native plugins for Editor in 0.00 ms.
Unloading 1697 Unused Serialized files (Serialized files now loaded: 0)
System memory in use before: 80.2 MB.
System memory in use after: 80.3 MB.

Unloading 10 unused Assets to reduce memory usage. Loaded Objects now: 2205.
Total: 1.930000 ms (FindLiveObjects: 0.164700 ms CreateObjectMapping: 0.049900 ms MarkObjects: 1.670400 ms  DeleteObjects: 0.044300 ms)

========================================================================
Received Prepare
Registering precompiled user dll's ...
Registered in 0.001302 seconds.
Begin MonoManager ReloadAssembly
Native extension for WindowsStandalone target not found
Refreshing native plugins compatible for Editor in 0.32 ms, found 0 plugins.
Preloading 0 native plugins for Editor in 0.00 ms.
Mono: successfully reloaded assembly
- Completed reload, in  0.761 seconds
Platform modules already initialized, skipping
Refreshing native plugins compatible for Editor in 0.30 ms, found 0 plugins.
Preloading 0 native plugins for Editor in 0.00 ms.
Unloading 1697 Unused Serialized files (Serialized files now loaded: 0)
System memory in use before: 80.2 MB.
System memory in use after: 80.3 MB.

Unloading 10 unused Assets to reduce memory usage. Loaded Objects now: 2208.
Total: 1.868900 ms (FindLiveObjects: 0.162300 ms CreateObjectMapping: 0.046600 ms MarkObjects: 1.618800 ms  DeleteObjects: 0.040400 ms)

========================================================================
Received Prepare
Registering precompiled user dll's ...
Registered in 0.001298 seconds.
Begin MonoManager ReloadAssembly
Native extension for WindowsStandalone target not found
Refreshing native plugins compatible for Editor in 0.32 ms, found 0 plugins.
Preloading 0 native plugins for Editor in 0.00 ms.
Mono: successfully reloaded assembly
- Completed reload, in  0.766 seconds
Platform modules already initialized, skipping
Refreshing native plugins compatible for Editor in 0.32 ms, found 0 plugins.
Preloading 0 native plugins for Editor in 0.00 ms.
Unloading 1697 Unused Serialized files (Serialized files now loaded: 0)
System memory in use before: 80.2 MB.
System memory in use after: 80.3 MB.

Unloading 10 unused Assets to reduce memory usage. Loaded Objects now: 2211.
Total: 1.977700 ms (FindLiveObjects: 0.171400 ms CreateObjectMapping: 0.054400 ms MarkObjects: 1.706900 ms  DeleteObjects: 0.044400 ms)

========================================================================
Received Prepare
Registering precompiled user dll's ...
Registered in 0.001254 seconds.
Begin MonoManager ReloadAssembly
Native extension for WindowsStandalone target not found
Refreshing native plugins compatible for Editor in 0.32 ms, found 0 plugins.
Preloading 0 native plugins for Editor in 0.00 ms.
Mono: successfully reloaded assembly
- Completed reload, in  0.780 seconds
Platform modules already initialized, skipping
Refreshing native plugins compatible for Editor in 0.29 ms, found 0 plugins.
Preloading 0 native plugins for Editor in 0.00 ms.
Unloading 1697 Unused Serialized files (Serialized files now loaded: 0)
System memory in use before: 80.2 MB.
System memory in use after: 80.3 MB.

Unloading 10 unused Assets to reduce memory usage. Loaded Objects now: 2214.
Total: 1.755100 ms (FindLiveObjects: 0.137600 ms CreateObjectMapping: 0.046800 ms MarkObjects: 1.532800 ms  DeleteObjects: 0.037000 ms)

========================================================================
Received Prepare
Registering precompiled user dll's ...
Registered in 0.001312 seconds.
Begin MonoManager ReloadAssembly
Native extension for WindowsStandalone target not found
Refreshing native plugins compatible for Editor in 0.36 ms, found 0 plugins.
Preloading 0 native plugins for Editor in 0.00 ms.
Mono: successfully reloaded assembly
- Completed reload, in  0.781 seconds
Platform modules already initialized, skipping
Refreshing native plugins compatible for Editor in 0.31 ms, found 0 plugins.
Preloading 0 native plugins for Editor in 0.00 ms.
Unloading 1697 Unused Serialized files (Serialized files now loaded: 0)
System memory in use before: 80.2 MB.
System memory in use after: 80.3 MB.

Unloading 10 unused Assets to reduce memory usage. Loaded Objects now: 2217.
Total: 1.980700 ms (FindLiveObjects: 0.164800 ms CreateObjectMapping: 0.048100 ms MarkObjects: 1.724500 ms  DeleteObjects: 0.042500 ms)

========================================================================
Received Prepare
Registering precompiled user dll's ...
Registered in 0.001338 seconds.
Begin MonoManager ReloadAssembly
Native extension for WindowsStandalone target not found
Refreshing native plugins compatible for Editor in 0.32 ms, found 0 plugins.
Preloading 0 native plugins for Editor in 0.00 ms.
Mono: successfully reloaded assembly
- Completed reload, in  0.760 seconds
Platform modules already initialized, skipping
Refreshing native plugins compatible for Editor in 0.31 ms, found 0 plugins.
Preloading 0 native plugins for Editor in 0.00 ms.
Unloading 1697 Unused Serialized files (Serialized files now loaded: 0)
System memory in use before: 80.3 MB.
System memory in use after: 80.3 MB.

Unloading 10 unused Assets to reduce memory usage. Loaded Objects now: 2220.
Total: 1.912500 ms (FindLiveObjects: 0.182800 ms CreateObjectMapping: 0.063400 ms MarkObjects: 1.614800 ms  DeleteObjects: 0.050500 ms)

========================================================================
Received Prepare
Registering precompiled user dll's ...
Registered in 0.001385 seconds.
Begin MonoManager ReloadAssembly
Native extension for WindowsStandalone target not found
Refreshing native plugins compatible for Editor in 0.33 ms, found 0 plugins.
Preloading 0 native plugins for Editor in 0.00 ms.
Mono: successfully reloaded assembly
- Completed reload, in  0.797 seconds
Platform modules already initialized, skipping
Refreshing native plugins compatible for Editor in 0.32 ms, found 0 plugins.
Preloading 0 native plugins for Editor in 0.00 ms.
Unloading 1697 Unused Serialized files (Serialized files now loaded: 0)
System memory in use before: 80.3 MB.
System memory in use after: 80.3 MB.

Unloading 10 unused Assets to reduce memory usage. Loaded Objects now: 2223.
Total: 1.801500 ms (FindLiveObjects: 0.153000 ms CreateObjectMapping: 0.051400 ms MarkObjects: 1.554800 ms  DeleteObjects: 0.041600 ms)

========================================================================
Received Prepare
Registering precompiled user dll's ...
Registered in 0.001325 seconds.
Begin MonoManager ReloadAssembly
Native extension for WindowsStandalone target not found
Refreshing native plugins compatible for Editor in 0.33 ms, found 0 plugins.
Preloading 0 native plugins for Editor in 0.00 ms.
Mono: successfully reloaded assembly
- Completed reload, in  0.758 seconds
Platform modules already initialized, skipping
Refreshing native plugins compatible for Editor in 0.30 ms, found 0 plugins.
Preloading 0 native plugins for Editor in 0.00 ms.
Unloading 1697 Unused Serialized files (Serialized files now loaded: 0)
System memory in use before: 80.3 MB.
System memory in use after: 80.4 MB.

Unloading 10 unused Assets to reduce memory usage. Loaded Objects now: 2226.
Total: 1.976300 ms (FindLiveObjects: 0.169000 ms CreateObjectMapping: 0.051500 ms MarkObjects: 1.713100 ms  DeleteObjects: 0.042000 ms)

========================================================================
Received Prepare
Registering precompiled user dll's ...
Registered in 0.001932 seconds.
Begin MonoManager ReloadAssembly
Native extension for WindowsStandalone target not found
Refreshing native plugins compatible for Editor in 0.31 ms, found 0 plugins.
Preloading 0 native plugins for Editor in 0.00 ms.
Mono: successfully reloaded assembly
- Completed reload, in  0.786 seconds
Platform modules already initialized, skipping
Refreshing native plugins compatible for Editor in 0.31 ms, found 0 plugins.
Preloading 0 native plugins for Editor in 0.00 ms.
Unloading 1697 Unused Serialized files (Serialized files now loaded: 0)
System memory in use before: 80.3 MB.
System memory in use after: 80.4 MB.

Unloading 10 unused Assets to reduce memory usage. Loaded Objects now: 2229.
Total: 1.777000 ms (FindLiveObjects: 0.150200 ms CreateObjectMapping: 0.051600 ms MarkObjects: 1.532700 ms  DeleteObjects: 0.041600 ms)

========================================================================
Received Prepare
Registering precompiled user dll's ...
Registered in 0.001330 seconds.
Begin MonoManager ReloadAssembly
Native extension for WindowsStandalone target not found
Refreshing native plugins compatible for Editor in 0.32 ms, found 0 plugins.
Preloading 0 native plugins for Editor in 0.00 ms.
Mono: successfully reloaded assembly
- Completed reload, in  0.766 seconds
Platform modules already initialized, skipping
Refreshing native plugins compatible for Editor in 0.30 ms, found 0 plugins.
Preloading 0 native plugins for Editor in 0.00 ms.
Unloading 1697 Unused Serialized files (Serialized files now loaded: 0)
System memory in use before: 80.3 MB.
System memory in use after: 80.4 MB.

Unloading 10 unused Assets to reduce memory usage. Loaded Objects now: 2232.
Total: 1.675700 ms (FindLiveObjects: 0.135600 ms CreateObjectMapping: 0.046100 ms MarkObjects: 1.456000 ms  DeleteObjects: 0.037300 ms)

========================================================================
Received Prepare
Registering precompiled user dll's ...
Registered in 0.001368 seconds.
Begin MonoManager ReloadAssembly
Native extension for WindowsStandalone target not found
Refreshing native plugins compatible for Editor in 0.31 ms, found 0 plugins.
Preloading 0 native plugins for Editor in 0.00 ms.
Mono: successfully reloaded assembly
- Completed reload, in  0.779 seconds
Platform modules already initialized, skipping
Refreshing native plugins compatible for Editor in 0.34 ms, found 0 plugins.
Preloading 0 native plugins for Editor in 0.00 ms.
Unloading 1697 Unused Serialized files (Serialized files now loaded: 0)
System memory in use before: 80.3 MB.
System memory in use after: 80.4 MB.

Unloading 10 unused Assets to reduce memory usage. Loaded Objects now: 2235.
Total: 1.889300 ms (FindLiveObjects: 0.180700 ms CreateObjectMapping: 0.060100 ms MarkObjects: 1.599900 ms  DeleteObjects: 0.047700 ms)

========================================================================
Received Prepare
Registering precompiled user dll's ...
Registered in 0.001303 seconds.
Begin MonoManager ReloadAssembly
Native extension for WindowsStandalone target not found
Refreshing native plugins compatible for Editor in 0.32 ms, found 0 plugins.
Preloading 0 native plugins for Editor in 0.00 ms.
Mono: successfully reloaded assembly
- Completed reload, in  0.759 seconds
Platform modules already initialized, skipping
Refreshing native plugins compatible for Editor in 0.29 ms, found 0 plugins.
Preloading 0 native plugins for Editor in 0.00 ms.
Unloading 1697 Unused Serialized files (Serialized files now loaded: 0)
System memory in use before: 80.3 MB.
System memory in use after: 80.4 MB.

Unloading 10 unused Assets to reduce memory usage. Loaded Objects now: 2238.
Total: 1.879400 ms (FindLiveObjects: 0.165400 ms CreateObjectMapping: 0.045000 ms MarkObjects: 1.630000 ms  DeleteObjects: 0.038200 ms)

========================================================================
Received Prepare
Registering precompiled user dll's ...
Registered in 0.002023 seconds.
Begin MonoManager ReloadAssembly
Native extension for WindowsStandalone target not found
Refreshing native plugins compatible for Editor in 0.34 ms, found 0 plugins.
Preloading 0 native plugins for Editor in 0.00 ms.
Mono: successfully reloaded assembly
- Completed reload, in  0.813 seconds
Platform modules already initialized, skipping
Refreshing native plugins compatible for Editor in 0.32 ms, found 0 plugins.
Preloading 0 native plugins for Editor in 0.00 ms.
Unloading 1697 Unused Serialized files (Serialized files now loaded: 0)
System memory in use before: 80.3 MB.
System memory in use after: 80.4 MB.

Unloading 10 unused Assets to reduce memory usage. Loaded Objects now: 2241.
Total: 1.998600 ms (FindLiveObjects: 0.183800 ms CreateObjectMapping: 0.054400 ms MarkObjects: 1.715500 ms  DeleteObjects: 0.044100 ms)

========================================================================
Received Prepare
Registering precompiled user dll's ...
Registered in 0.001259 seconds.
Begin MonoManager ReloadAssembly
Native extension for WindowsStandalone target not found
Refreshing native plugins compatible for Editor in 0.31 ms, found 0 plugins.
Preloading 0 native plugins for Editor in 0.00 ms.
Mono: successfully reloaded assembly
- Completed reload, in  0.766 seconds
Platform modules already initialized, skipping
Refreshing native plugins compatible for Editor in 0.30 ms, found 0 plugins.
Preloading 0 native plugins for Editor in 0.00 ms.
Unloading 1697 Unused Serialized files (Serialized files now loaded: 0)
System memory in use before: 80.4 MB.
System memory in use after: 80.5 MB.

Unloading 10 unused Assets to reduce memory usage. Loaded Objects now: 2244.
Total: 1.717300 ms (FindLiveObjects: 0.140600 ms CreateObjectMapping: 0.049900 ms MarkObjects: 1.491000 ms  DeleteObjects: 0.035200 ms)

========================================================================
Received Prepare
Registering precompiled user dll's ...
Registered in 0.001263 seconds.
Begin MonoManager ReloadAssembly
Native extension for WindowsStandalone target not found
Refreshing native plugins compatible for Editor in 0.32 ms, found 0 plugins.
Preloading 0 native plugins for Editor in 0.00 ms.
Mono: successfully reloaded assembly
- Completed reload, in  0.770 seconds
Platform modules already initialized, skipping
Refreshing native plugins compatible for Editor in 0.30 ms, found 0 plugins.
Preloading 0 native plugins for Editor in 0.00 ms.
Unloading 1697 Unused Serialized files (Serialized files now loaded: 0)
System memory in use before: 80.4 MB.
System memory in use after: 80.5 MB.

Unloading 10 unused Assets to reduce memory usage. Loaded Objects now: 2247.
Total: 1.946300 ms (FindLiveObjects: 0.167400 ms CreateObjectMapping: 0.050100 ms MarkObjects: 1.689000 ms  DeleteObjects: 0.038900 ms)

========================================================================
Received Prepare
Registering precompiled user dll's ...
Registered in 0.001235 seconds.
Begin MonoManager ReloadAssembly
Native extension for WindowsStandalone target not found
Refreshing native plugins compatible for Editor in 0.35 ms, found 0 plugins.
Preloading 0 native plugins for Editor in 0.00 ms.
Mono: successfully reloaded assembly
- Completed reload, in  0.757 seconds
Platform modules already initialized, skipping
Refreshing native plugins compatible for Editor in 0.30 ms, found 0 plugins.
Preloading 0 native plugins for Editor in 0.00 ms.
Unloading 1697 Unused Serialized files (Serialized files now loaded: 0)
System memory in use before: 80.4 MB.
System memory in use after: 80.5 MB.

Unloading 10 unused Assets to reduce memory usage. Loaded Objects now: 2250.
Total: 1.740900 ms (FindLiveObjects: 0.139800 ms CreateObjectMapping: 0.047900 ms MarkObjects: 1.515700 ms  DeleteObjects: 0.036500 ms)

========================================================================
Received Prepare
Registering precompiled user dll's ...
Registered in 0.001272 seconds.
Begin MonoManager ReloadAssembly
Native extension for WindowsStandalone target not found
Refreshing native plugins compatible for Editor in 0.31 ms, found 0 plugins.
Preloading 0 native plugins for Editor in 0.00 ms.
Mono: successfully reloaded assembly
- Completed reload, in  0.750 seconds
Platform modules already initialized, skipping
Refreshing native plugins compatible for Editor in 0.32 ms, found 0 plugins.
Preloading 0 native plugins for Editor in 0.00 ms.
Unloading 1697 Unused Serialized files (Serialized files now loaded: 0)
System memory in use before: 80.4 MB.
System memory in use after: 80.5 MB.

Unloading 10 unused Assets to reduce memory usage. Loaded Objects now: 2253.
Total: 1.993900 ms (FindLiveObjects: 0.181900 ms CreateObjectMapping: 0.050600 ms MarkObjects: 1.717100 ms  DeleteObjects: 0.043300 ms)

========================================================================
Received Prepare
Registering precompiled user dll's ...
Registered in 0.001282 seconds.
Begin MonoManager ReloadAssembly
Native extension for WindowsStandalone target not found
Refreshing native plugins compatible for Editor in 0.32 ms, found 0 plugins.
Preloading 0 native plugins for Editor in 0.00 ms.
Mono: successfully reloaded assembly
- Completed reload, in  0.771 seconds
Platform modules already initialized, skipping
Refreshing native plugins compatible for Editor in 0.56 ms, found 0 plugins.
Preloading 0 native plugins for Editor in 0.00 ms.
Unloading 1697 Unused Serialized files (Serialized files now loaded: 0)
System memory in use before: 80.4 MB.
System memory in use after: 80.5 MB.

Unloading 10 unused Assets to reduce memory usage. Loaded Objects now: 2256.
Total: 1.897300 ms (FindLiveObjects: 0.183300 ms CreateObjectMapping: 0.122200 ms MarkObjects: 1.548800 ms  DeleteObjects: 0.041800 ms)

========================================================================
Received Prepare
Registering precompiled user dll's ...
Registered in 0.001245 seconds.
Begin MonoManager ReloadAssembly
Native extension for WindowsStandalone target not found
Refreshing native plugins compatible for Editor in 0.31 ms, found 0 plugins.
Preloading 0 native plugins for Editor in 0.00 ms.
Mono: successfully reloaded assembly
- Completed reload, in  0.764 seconds
Platform modules already initialized, skipping
Refreshing native plugins compatible for Editor in 0.30 ms, found 0 plugins.
Preloading 0 native plugins for Editor in 0.00 ms.
Unloading 1697 Unused Serialized files (Serialized files now loaded: 0)
System memory in use before: 80.4 MB.
System memory in use after: 80.5 MB.

Unloading 10 unused Assets to reduce memory usage. Loaded Objects now: 2259.
Total: 1.732700 ms (FindLiveObjects: 0.141800 ms CreateObjectMapping: 0.046200 ms MarkObjects: 1.505000 ms  DeleteObjects: 0.038900 ms)

========================================================================
Received Prepare
Registering precompiled user dll's ...
Registered in 0.001249 seconds.
Begin MonoManager ReloadAssembly
Native extension for WindowsStandalone target not found
Refreshing native plugins compatible for Editor in 0.32 ms, found 0 plugins.
Preloading 0 native plugins for Editor in 0.00 ms.
Mono: successfully reloaded assembly
- Completed reload, in  0.749 seconds
Platform modules already initialized, skipping
Refreshing native plugins compatible for Editor in 0.30 ms, found 0 plugins.
Preloading 0 native plugins for Editor in 0.00 ms.
Unloading 1697 Unused Serialized files (Serialized files now loaded: 0)
System memory in use before: 80.5 MB.
System memory in use after: 80.5 MB.

Unloading 10 unused Assets to reduce memory usage. Loaded Objects now: 2262.
Total: 1.754500 ms (FindLiveObjects: 0.138900 ms CreateObjectMapping: 0.047900 ms MarkObjects: 1.531000 ms  DeleteObjects: 0.036000 ms)

========================================================================
Received Import Request.
  Time since last request: 1020.415649 seconds.
  path: Assets/Content/Tags
  artifactKey: Guid(c9793334840363d40b36e31667758bd7) Importer(815301076,1909f56bfc062723c751e8b465ee728b)
Start importing Assets/Content/Tags using Guid(c9793334840363d40b36e31667758bd7) Importer(815301076,1909f56bfc062723c751e8b465ee728b)  -> (artifact id: '33d31fe4a45090be03afd0a9d4bf99b9') in 0.007371 seconds
  Import took 0.009942 seconds .

========================================================================
Received Import Request.
  Time since last request: 5.641188 seconds.
  path: Assets/Content/Tags/Tag.cs
  artifactKey: Guid(f65f8a10360357b46ae3f66a6776851a) Importer(815301076,1909f56bfc062723c751e8b465ee728b)
Start importing Assets/Content/Tags/Tag.cs using Guid(f65f8a10360357b46ae3f66a6776851a) Importer(815301076,1909f56bfc062723c751e8b465ee728b)  -> (artifact id: 'a7467f94f13d6ce0b708e4b7db7380ee') in 0.005348 seconds
  Import took 0.007950 seconds .

========================================================================
Received Prepare
Registering precompiled user dll's ...
Registered in 0.001250 seconds.
Begin MonoManager ReloadAssembly
Native extension for WindowsStandalone target not found
Refreshing native plugins compatible for Editor in 0.33 ms, found 0 plugins.
Preloading 0 native plugins for Editor in 0.00 ms.
Mono: successfully reloaded assembly
- Completed reload, in  0.775 seconds
Platform modules already initialized, skipping
Refreshing native plugins compatible for Editor in 0.32 ms, found 0 plugins.
Preloading 0 native plugins for Editor in 0.00 ms.
Unloading 1698 Unused Serialized files (Serialized files now loaded: 0)
System memory in use before: 80.5 MB.
System memory in use after: 80.6 MB.

Unloading 10 unused Assets to reduce memory usage. Loaded Objects now: 2266.
Total: 2.015600 ms (FindLiveObjects: 0.161800 ms CreateObjectMapping: 0.056400 ms MarkObjects: 1.749100 ms  DeleteObjects: 0.047400 ms)

========================================================================
Received Prepare
Registering precompiled user dll's ...
Registered in 0.001490 seconds.
Begin MonoManager ReloadAssembly
Native extension for WindowsStandalone target not found
Refreshing native plugins compatible for Editor in 0.32 ms, found 0 plugins.
Preloading 0 native plugins for Editor in 0.00 ms.
Mono: successfully reloaded assembly
- Completed reload, in  0.750 seconds
Platform modules already initialized, skipping
Refreshing native plugins compatible for Editor in 0.27 ms, found 0 plugins.
Preloading 0 native plugins for Editor in 0.00 ms.
Unloading 1698 Unused Serialized files (Serialized files now loaded: 0)
System memory in use before: 80.5 MB.
System memory in use after: 80.6 MB.

Unloading 10 unused Assets to reduce memory usage. Loaded Objects now: 2269.
Total: 1.986600 ms (FindLiveObjects: 0.163100 ms CreateObjectMapping: 0.048300 ms MarkObjects: 1.733100 ms  DeleteObjects: 0.041400 ms)

========================================================================
Received Import Request.
  Time since last request: 11.236301 seconds.
  path: Assets/Content/Tags/Tag.cs
  artifactKey: Guid(f65f8a10360357b46ae3f66a6776851a) Importer(815301076,1909f56bfc062723c751e8b465ee728b)
Start importing Assets/Content/Tags/Tag.cs using Guid(f65f8a10360357b46ae3f66a6776851a) Importer(815301076,1909f56bfc062723c751e8b465ee728b)  -> (artifact id: '92345eb58b7895da7f2f96cb79bc5511') in 0.003659 seconds
  Import took 0.006021 seconds .

========================================================================
Received Import Request.
  Time since last request: 2.742599 seconds.
  path: Assets/Content/Tags/New Folder
  artifactKey: Guid(96d5bae82285b70498ac46e34dc5e436) Importer(815301076,1909f56bfc062723c751e8b465ee728b)
Start importing Assets/Content/Tags/New Folder using Guid(96d5bae82285b70498ac46e34dc5e436) Importer(815301076,1909f56bfc062723c751e8b465ee728b)  -> (artifact id: 'c7a92d1474ab1aa3e31d7e31c32bac79') in 0.004873 seconds
  Import took 0.007415 seconds .

========================================================================
Received Import Request.
  Time since last request: 9.820113 seconds.
  path: Assets/Content/Tags/Tag_Terrain.cs
  artifactKey: Guid(e7dc13516ef7bbd4c814d6e2db7a4bc8) Importer(815301076,1909f56bfc062723c751e8b465ee728b)
Start importing Assets/Content/Tags/Tag_Terrain.cs using Guid(e7dc13516ef7bbd4c814d6e2db7a4bc8) Importer(815301076,1909f56bfc062723c751e8b465ee728b)  -> (artifact id: '115d7bc1115af780673b99fb3db9e722') in 0.004732 seconds
  Import took 0.007405 seconds .

========================================================================
Received Prepare
Registering precompiled user dll's ...
Registered in 0.001303 seconds.
Begin MonoManager ReloadAssembly
Native extension for WindowsStandalone target not found
Refreshing native plugins compatible for Editor in 0.34 ms, found 0 plugins.
Preloading 0 native plugins for Editor in 0.00 ms.
Mono: successfully reloaded assembly
- Completed reload, in  0.783 seconds
Platform modules already initialized, skipping
Refreshing native plugins compatible for Editor in 0.33 ms, found 0 plugins.
Preloading 0 native plugins for Editor in 0.00 ms.
Unloading 1699 Unused Serialized files (Serialized files now loaded: 0)
System memory in use before: 80.5 MB.
System memory in use after: 80.6 MB.

Unloading 10 unused Assets to reduce memory usage. Loaded Objects now: 2273.
Total: 2.066600 ms (FindLiveObjects: 0.178600 ms CreateObjectMapping: 0.059300 ms MarkObjects: 1.778800 ms  DeleteObjects: 0.049000 ms)

========================================================================
Received Prepare
Registering precompiled user dll's ...
Registered in 0.001291 seconds.
Begin MonoManager ReloadAssembly
Native extension for WindowsStandalone target not found
Refreshing native plugins compatible for Editor in 0.32 ms, found 0 plugins.
Preloading 0 native plugins for Editor in 0.00 ms.
Mono: successfully reloaded assembly
- Completed reload, in  0.765 seconds
Platform modules already initialized, skipping
Refreshing native plugins compatible for Editor in 0.30 ms, found 0 plugins.
Preloading 0 native plugins for Editor in 0.00 ms.
Unloading 1699 Unused Serialized files (Serialized files now loaded: 0)
System memory in use before: 80.5 MB.
System memory in use after: 80.6 MB.

Unloading 10 unused Assets to reduce memory usage. Loaded Objects now: 2276.
Total: 1.907700 ms (FindLiveObjects: 0.175000 ms CreateObjectMapping: 0.051400 ms MarkObjects: 1.639800 ms  DeleteObjects: 0.040700 ms)

========================================================================
Received Import Request.
  Time since last request: 19.898294 seconds.
  path: Assets/Content/Tags/Tag_Terrain.cs
  artifactKey: Guid(e7dc13516ef7bbd4c814d6e2db7a4bc8) Importer(815301076,1909f56bfc062723c751e8b465ee728b)
Start importing Assets/Content/Tags/Tag_Terrain.cs using Guid(e7dc13516ef7bbd4c814d6e2db7a4bc8) Importer(815301076,1909f56bfc062723c751e8b465ee728b)  -> (artifact id: '760937e42f3ea05f89036247af7c88b0') in 0.003644 seconds
  Import took 0.005858 seconds .

========================================================================
Received Import Request.
  Time since last request: 300.509439 seconds.
  path: Assets/Content/Tags/Tag_Jumpsu.cs
  artifactKey: Guid(e7dc13516ef7bbd4c814d6e2db7a4bc8) Importer(815301076,1909f56bfc062723c751e8b465ee728b)
Start importing Assets/Content/Tags/Tag_Jumpsu.cs using Guid(e7dc13516ef7bbd4c814d6e2db7a4bc8) Importer(815301076,1909f56bfc062723c751e8b465ee728b)  -> (artifact id: 'd1001619d8bbebed43bf2edd807c4adf') in 0.005314 seconds
  Import took 0.008353 seconds .

========================================================================
Received Import Request.
  Time since last request: 6.543183 seconds.
  path: Assets/Content/Tags/Tag_Jumpsurface.cs
  artifactKey: Guid(e7dc13516ef7bbd4c814d6e2db7a4bc8) Importer(815301076,1909f56bfc062723c751e8b465ee728b)
Start importing Assets/Content/Tags/Tag_Jumpsurface.cs using Guid(e7dc13516ef7bbd4c814d6e2db7a4bc8) Importer(815301076,1909f56bfc062723c751e8b465ee728b)  -> (artifact id: '05fd568418a0a040ad034d67752205ff') in 0.005062 seconds
  Import took 0.007872 seconds .

========================================================================
Received Prepare
Registering precompiled user dll's ...
Registered in 0.002009 seconds.
Begin MonoManager ReloadAssembly
Native extension for WindowsStandalone target not found
Refreshing native plugins compatible for Editor in 0.52 ms, found 0 plugins.
Preloading 0 native plugins for Editor in 0.00 ms.
Mono: successfully reloaded assembly
- Completed reload, in  0.856 seconds
Platform modules already initialized, skipping
Refreshing native plugins compatible for Editor in 0.35 ms, found 0 plugins.
Preloading 0 native plugins for Editor in 0.00 ms.
Unloading 1699 Unused Serialized files (Serialized files now loaded: 0)
System memory in use before: 80.5 MB.
System memory in use after: 80.6 MB.

Unloading 10 unused Assets to reduce memory usage. Loaded Objects now: 2279.
Total: 2.141800 ms (FindLiveObjects: 0.185100 ms CreateObjectMapping: 0.061700 ms MarkObjects: 1.838800 ms  DeleteObjects: 0.055300 ms)

========================================================================
Received Import Request.
  Time since last request: 21.816261 seconds.
  path: Assets/Content/Tags/Tag_Jumpsurface.cs
  artifactKey: Guid(e7dc13516ef7bbd4c814d6e2db7a4bc8) Importer(815301076,1909f56bfc062723c751e8b465ee728b)
Start importing Assets/Content/Tags/Tag_Jumpsurface.cs using Guid(e7dc13516ef7bbd4c814d6e2db7a4bc8) Importer(815301076,1909f56bfc062723c751e8b465ee728b)  -> (artifact id: '2bde460a333702caad2ac696abc15d70') in 0.003908 seconds
  Import took 0.007290 seconds .

========================================================================
Received Prepare
Registering precompiled user dll's ...
Registered in 0.001299 seconds.
Begin MonoManager ReloadAssembly
Native extension for WindowsStandalone target not found
Refreshing native plugins compatible for Editor in 0.32 ms, found 0 plugins.
Preloading 0 native plugins for Editor in 0.00 ms.
Mono: successfully reloaded assembly
- Completed reload, in  0.772 seconds
Platform modules already initialized, skipping
Refreshing native plugins compatible for Editor in 0.38 ms, found 0 plugins.
Preloading 0 native plugins for Editor in 0.00 ms.
Unloading 1699 Unused Serialized files (Serialized files now loaded: 0)
System memory in use before: 80.5 MB.
System memory in use after: 80.6 MB.

Unloading 10 unused Assets to reduce memory usage. Loaded Objects now: 2282.
Total: 2.011000 ms (FindLiveObjects: 0.200900 ms CreateObjectMapping: 0.060600 ms MarkObjects: 1.700200 ms  DeleteObjects: 0.048000 ms)

========================================================================
Received Prepare
Registering precompiled user dll's ...
Registered in 0.001339 seconds.
Begin MonoManager ReloadAssembly
Native extension for WindowsStandalone target not found
Refreshing native plugins compatible for Editor in 0.35 ms, found 0 plugins.
Preloading 0 native plugins for Editor in 0.00 ms.
Mono: successfully reloaded assembly
- Completed reload, in  0.774 seconds
Platform modules already initialized, skipping
Refreshing native plugins compatible for Editor in 0.34 ms, found 0 plugins.
Preloading 0 native plugins for Editor in 0.00 ms.
Unloading 1699 Unused Serialized files (Serialized files now loaded: 0)
System memory in use before: 80.6 MB.
System memory in use after: 80.6 MB.

Unloading 10 unused Assets to reduce memory usage. Loaded Objects now: 2285.
Total: 1.870400 ms (FindLiveObjects: 0.195700 ms CreateObjectMapping: 0.058500 ms MarkObjects: 1.571700 ms  DeleteObjects: 0.043500 ms)

========================================================================
Received Prepare
Registering precompiled user dll's ...
Registered in 0.001285 seconds.
Begin MonoManager ReloadAssembly
Native extension for WindowsStandalone target not found
Refreshing native plugins compatible for Editor in 0.32 ms, found 0 plugins.
Preloading 0 native plugins for Editor in 0.00 ms.
Mono: successfully reloaded assembly
- Completed reload, in  0.777 seconds
Platform modules already initialized, skipping
Refreshing native plugins compatible for Editor in 0.30 ms, found 0 plugins.
Preloading 0 native plugins for Editor in 0.00 ms.
Unloading 1699 Unused Serialized files (Serialized files now loaded: 0)
System memory in use before: 80.6 MB.
System memory in use after: 80.6 MB.

Unloading 10 unused Assets to reduce memory usage. Loaded Objects now: 2288.
Total: 1.752000 ms (FindLiveObjects: 0.146600 ms CreateObjectMapping: 0.048700 ms MarkObjects: 1.514800 ms  DeleteObjects: 0.041200 ms)

========================================================================
Received Prepare
Registering precompiled user dll's ...
Registered in 0.001329 seconds.
Begin MonoManager ReloadAssembly
Native extension for WindowsStandalone target not found
Refreshing native plugins compatible for Editor in 0.32 ms, found 0 plugins.
Preloading 0 native plugins for Editor in 0.00 ms.
Mono: successfully reloaded assembly
- Completed reload, in  0.777 seconds
Platform modules already initialized, skipping
Refreshing native plugins compatible for Editor in 0.31 ms, found 0 plugins.
Preloading 0 native plugins for Editor in 0.00 ms.
Unloading 1699 Unused Serialized files (Serialized files now loaded: 0)
System memory in use before: 80.6 MB.
System memory in use after: 80.7 MB.

Unloading 10 unused Assets to reduce memory usage. Loaded Objects now: 2291.
Total: 1.986500 ms (FindLiveObjects: 0.178800 ms CreateObjectMapping: 0.049300 ms MarkObjects: 1.713600 ms  DeleteObjects: 0.044000 ms)

========================================================================
Received Import Request.
  Time since last request: 145.607918 seconds.
  path: Assets/Content/Tags/Tag_Jumpsurface.cs
  artifactKey: Guid(e7dc13516ef7bbd4c814d6e2db7a4bc8) Importer(815301076,1909f56bfc062723c751e8b465ee728b)
Start importing Assets/Content/Tags/Tag_Jumpsurface.cs using Guid(e7dc13516ef7bbd4c814d6e2db7a4bc8) Importer(815301076,1909f56bfc062723c751e8b465ee728b)  -> (artifact id: 'ba12850965abb08403eea149fb562d67') in 0.003801 seconds
  Import took 0.006305 seconds .

========================================================================
Received Import Request.
  Time since last request: 6.256914 seconds.
  path: Assets/Content/Tags/Tag_Ground.cs
  artifactKey: Guid(e7dc13516ef7bbd4c814d6e2db7a4bc8) Importer(815301076,1909f56bfc062723c751e8b465ee728b)
Start importing Assets/Content/Tags/Tag_Ground.cs using Guid(e7dc13516ef7bbd4c814d6e2db7a4bc8) Importer(815301076,1909f56bfc062723c751e8b465ee728b)  -> (artifact id: '6f64ff77ce4c23841c08e9e0c418a03c') in 0.004908 seconds
  Import took 0.007512 seconds .

========================================================================
Received Prepare
Registering precompiled user dll's ...
Registered in 0.001227 seconds.
Begin MonoManager ReloadAssembly
Native extension for WindowsStandalone target not found
Refreshing native plugins compatible for Editor in 0.32 ms, found 0 plugins.
Preloading 0 native plugins for Editor in 0.00 ms.
Mono: successfully reloaded assembly
- Completed reload, in  0.759 seconds
Platform modules already initialized, skipping
Refreshing native plugins compatible for Editor in 0.30 ms, found 0 plugins.
Preloading 0 native plugins for Editor in 0.00 ms.
Unloading 1699 Unused Serialized files (Serialized files now loaded: 0)
System memory in use before: 80.6 MB.
System memory in use after: 80.7 MB.

Unloading 10 unused Assets to reduce memory usage. Loaded Objects now: 2294.
Total: 2.029300 ms (FindLiveObjects: 0.170900 ms CreateObjectMapping: 0.047100 ms MarkObjects: 1.769900 ms  DeleteObjects: 0.040500 ms)

========================================================================
Received Prepare
Registering precompiled user dll's ...
Registered in 0.001345 seconds.
Begin MonoManager ReloadAssembly
Native extension for WindowsStandalone target not found
Refreshing native plugins compatible for Editor in 0.44 ms, found 0 plugins.
Preloading 0 native plugins for Editor in 0.00 ms.
Mono: successfully reloaded assembly
- Completed reload, in  0.830 seconds
Platform modules already initialized, skipping
Refreshing native plugins compatible for Editor in 0.32 ms, found 0 plugins.
Preloading 0 native plugins for Editor in 0.00 ms.
Unloading 1700 Unused Serialized files (Serialized files now loaded: 0)
System memory in use before: 80.6 MB.
System memory in use after: 80.7 MB.

Unloading 10 unused Assets to reduce memory usage. Loaded Objects now: 2298.
Total: 2.017200 ms (FindLiveObjects: 0.182900 ms CreateObjectMapping: 0.050900 ms MarkObjects: 1.739000 ms  DeleteObjects: 0.043500 ms)

========================================================================
Received Import Request.
  Time since last request: 76.210572 seconds.
  path: Assets/Content/Tags/Tag_Player.cs
  artifactKey: Guid(d17fc6e629df6f34584e4c5028350a60) Importer(815301076,1909f56bfc062723c751e8b465ee728b)
Start importing Assets/Content/Tags/Tag_Player.cs using Guid(d17fc6e629df6f34584e4c5028350a60) Importer(815301076,1909f56bfc062723c751e8b465ee728b)  -> (artifact id: '229db06c18b1a74aa022babaf763fb44') in 0.007074 seconds
  Import took 0.009568 seconds .

========================================================================
Received Prepare
Registering precompiled user dll's ...
Registered in 0.001494 seconds.
Begin MonoManager ReloadAssembly
Native extension for WindowsStandalone target not found
Refreshing native plugins compatible for Editor in 0.33 ms, found 0 plugins.
Preloading 0 native plugins for Editor in 0.00 ms.
Mono: successfully reloaded assembly
- Completed reload, in  0.768 seconds
Platform modules already initialized, skipping
Refreshing native plugins compatible for Editor in 0.34 ms, found 0 plugins.
Preloading 0 native plugins for Editor in 0.00 ms.
Unloading 1700 Unused Serialized files (Serialized files now loaded: 0)
System memory in use before: 80.6 MB.
System memory in use after: 80.7 MB.

Unloading 10 unused Assets to reduce memory usage. Loaded Objects now: 2301.
Total: 1.891500 ms (FindLiveObjects: 0.167900 ms CreateObjectMapping: 0.056100 ms MarkObjects: 1.621500 ms  DeleteObjects: 0.044700 ms)

========================================================================
Received Prepare
Registering precompiled user dll's ...
Registered in 0.002079 seconds.
Begin MonoManager ReloadAssembly
Native extension for WindowsStandalone target not found
Refreshing native plugins compatible for Editor in 0.31 ms, found 0 plugins.
Preloading 0 native plugins for Editor in 0.00 ms.
Mono: successfully reloaded assembly
- Completed reload, in  0.779 seconds
Platform modules already initialized, skipping
Refreshing native plugins compatible for Editor in 0.37 ms, found 0 plugins.
Preloading 0 native plugins for Editor in 0.00 ms.
Unloading 1700 Unused Serialized files (Serialized files now loaded: 0)
System memory in use before: 80.6 MB.
System memory in use after: 80.7 MB.

Unloading 10 unused Assets to reduce memory usage. Loaded Objects now: 2304.
Total: 1.972900 ms (FindLiveObjects: 0.182800 ms CreateObjectMapping: 0.048400 ms MarkObjects: 1.692500 ms  DeleteObjects: 0.048300 ms)

========================================================================
Received Prepare
Registering precompiled user dll's ...
Registered in 0.001275 seconds.
Begin MonoManager ReloadAssembly
Native extension for WindowsStandalone target not found
Refreshing native plugins compatible for Editor in 0.32 ms, found 0 plugins.
Preloading 0 native plugins for Editor in 0.00 ms.
Mono: successfully reloaded assembly
- Completed reload, in  0.789 seconds
Platform modules already initialized, skipping
Refreshing native plugins compatible for Editor in 0.31 ms, found 0 plugins.
Preloading 0 native plugins for Editor in 0.00 ms.
Unloading 1700 Unused Serialized files (Serialized files now loaded: 0)
System memory in use before: 80.6 MB.
System memory in use after: 80.7 MB.

Unloading 10 unused Assets to reduce memory usage. Loaded Objects now: 2307.
Total: 1.999400 ms (FindLiveObjects: 0.183000 ms CreateObjectMapping: 0.050500 ms MarkObjects: 1.720900 ms  DeleteObjects: 0.044200 ms)

========================================================================
Received Prepare
Registering precompiled user dll's ...
Registered in 0.001307 seconds.
Begin MonoManager ReloadAssembly
Native extension for WindowsStandalone target not found
Refreshing native plugins compatible for Editor in 0.32 ms, found 0 plugins.
Preloading 0 native plugins for Editor in 0.00 ms.
Mono: successfully reloaded assembly
- Completed reload, in  0.761 seconds
Platform modules already initialized, skipping
Refreshing native plugins compatible for Editor in 0.34 ms, found 0 plugins.
Preloading 0 native plugins for Editor in 0.00 ms.
Unloading 1700 Unused Serialized files (Serialized files now loaded: 0)
System memory in use before: 80.6 MB.
System memory in use after: 80.7 MB.

Unloading 10 unused Assets to reduce memory usage. Loaded Objects now: 2310.
Total: 2.014700 ms (FindLiveObjects: 0.190700 ms CreateObjectMapping: 0.052100 ms MarkObjects: 1.726900 ms  DeleteObjects: 0.044100 ms)

========================================================================
Received Import Request.
  Time since last request: 272.216573 seconds.
  path: Assets/Content/Scripts/Player/FirstPersonMovement.cs
  artifactKey: Guid(d140fdd9d63dbdb40a0d579e7856b39a) Importer(815301076,1909f56bfc062723c751e8b465ee728b)
Start importing Assets/Content/Scripts/Player/FirstPersonMovement.cs using Guid(d140fdd9d63dbdb40a0d579e7856b39a) Importer(815301076,1909f56bfc062723c751e8b465ee728b)  -> (artifact id: 'f4728390d5643689d04e0eab93f31022') in 0.003617 seconds
  Import took 0.006536 seconds .

========================================================================
Received Import Request.
  Time since last request: 0.001492 seconds.
  path: Assets/Content/Scripts/Player/FirstPersonMovement.cs
  artifactKey: Guid(d140fdd9d63dbdb40a0d579e7856b39a) Importer(815301076,1909f56bfc062723c751e8b465ee728b)
Start importing Assets/Content/Scripts/Player/FirstPersonMovement.cs using Guid(d140fdd9d63dbdb40a0d579e7856b39a) Importer(815301076,1909f56bfc062723c751e8b465ee728b)  -> (artifact id: 'f4728390d5643689d04e0eab93f31022') in 0.001802 seconds
  Import took 0.004489 seconds .

========================================================================
Received Import Request.
  Time since last request: 1.118815 seconds.
  path: Assets/Content/Scripts/Player/PlayerInput.cs
  artifactKey: Guid(c267f7345f45ab744b6902208f59fd37) Importer(815301076,1909f56bfc062723c751e8b465ee728b)
Start importing Assets/Content/Scripts/Player/PlayerInput.cs using Guid(c267f7345f45ab744b6902208f59fd37) Importer(815301076,1909f56bfc062723c751e8b465ee728b)  -> (artifact id: '5f9bbe87512009b2e99133c7e685053b') in 0.001575 seconds
  Import took 0.004021 seconds .

========================================================================
Received Prepare
Registering precompiled user dll's ...
Registered in 0.001336 seconds.
Begin MonoManager ReloadAssembly
Native extension for WindowsStandalone target not found
Refreshing native plugins compatible for Editor in 0.34 ms, found 0 plugins.
Preloading 0 native plugins for Editor in 0.00 ms.
Mono: successfully reloaded assembly
- Completed reload, in  0.806 seconds
Platform modules already initialized, skipping
Refreshing native plugins compatible for Editor in 0.31 ms, found 0 plugins.
Preloading 0 native plugins for Editor in 0.00 ms.
Unloading 1700 Unused Serialized files (Serialized files now loaded: 0)
System memory in use before: 80.6 MB.
System memory in use after: 80.7 MB.

Unloading 10 unused Assets to reduce memory usage. Loaded Objects now: 2313.
Total: 2.000600 ms (FindLiveObjects: 0.176200 ms CreateObjectMapping: 0.047900 ms MarkObjects: 1.733900 ms  DeleteObjects: 0.041900 ms)

========================================================================
Received Import Request.
  Time since last request: 39.967649 seconds.
  path: Assets/Content/Scripts/Player/PlayerInput.cs
  artifactKey: Guid(c267f7345f45ab744b6902208f59fd37) Importer(815301076,1909f56bfc062723c751e8b465ee728b)
Start importing Assets/Content/Scripts/Player/PlayerInput.cs using Guid(c267f7345f45ab744b6902208f59fd37) Importer(815301076,1909f56bfc062723c751e8b465ee728b)  -> (artifact id: '16f2444147ddc21e1ba142df5c861d4b') in 0.003655 seconds
  Import took 0.006059 seconds .

========================================================================
Received Import Request.
  Time since last request: 1.201226 seconds.
  path: Assets/Content/Scripts/Player/PlayerInput.cs
  artifactKey: Guid(c267f7345f45ab744b6902208f59fd37) Importer(815301076,1909f56bfc062723c751e8b465ee728b)
Start importing Assets/Content/Scripts/Player/PlayerInput.cs using Guid(c267f7345f45ab744b6902208f59fd37) Importer(815301076,1909f56bfc062723c751e8b465ee728b)  -> (artifact id: '16f2444147ddc21e1ba142df5c861d4b') in 0.001534 seconds
  Import took 0.003929 seconds .

========================================================================
Received Prepare
Registering precompiled user dll's ...
Registered in 0.001308 seconds.
Begin MonoManager ReloadAssembly
Native extension for WindowsStandalone target not found
Refreshing native plugins compatible for Editor in 0.32 ms, found 0 plugins.
Preloading 0 native plugins for Editor in 0.00 ms.
Mono: successfully reloaded assembly
- Completed reload, in  0.774 seconds
Platform modules already initialized, skipping
Refreshing native plugins compatible for Editor in 0.35 ms, found 0 plugins.
Preloading 0 native plugins for Editor in 0.00 ms.
Unloading 1700 Unused Serialized files (Serialized files now loaded: 0)
System memory in use before: 80.7 MB.
System memory in use after: 80.7 MB.

Unloading 10 unused Assets to reduce memory usage. Loaded Objects now: 2316.
Total: 2.038300 ms (FindLiveObjects: 0.186300 ms CreateObjectMapping: 0.050500 ms MarkObjects: 1.752400 ms  DeleteObjects: 0.048100 ms)

========================================================================
Received Prepare
Registering precompiled user dll's ...
Registered in 0.001329 seconds.
Begin MonoManager ReloadAssembly
Native extension for WindowsStandalone target not found
Refreshing native plugins compatible for Editor in 0.33 ms, found 0 plugins.
Preloading 0 native plugins for Editor in 0.00 ms.
Mono: successfully reloaded assembly
- Completed reload, in  0.791 seconds
Platform modules already initialized, skipping
Refreshing native plugins compatible for Editor in 0.33 ms, found 0 plugins.
Preloading 0 native plugins for Editor in 0.00 ms.
Unloading 1700 Unused Serialized files (Serialized files now loaded: 0)
System memory in use before: 80.7 MB.
System memory in use after: 80.7 MB.

Unloading 10 unused Assets to reduce memory usage. Loaded Objects now: 2319.
Total: 2.019100 ms (FindLiveObjects: 0.158700 ms CreateObjectMapping: 0.051800 ms MarkObjects: 1.760200 ms  DeleteObjects: 0.047500 ms)

========================================================================
Received Prepare
Registering precompiled user dll's ...
Registered in 0.001275 seconds.
Begin MonoManager ReloadAssembly
Native extension for WindowsStandalone target not found
Refreshing native plugins compatible for Editor in 0.31 ms, found 0 plugins.
Preloading 0 native plugins for Editor in 0.00 ms.
Mono: successfully reloaded assembly
- Completed reload, in  0.776 seconds
Platform modules already initialized, skipping
Refreshing native plugins compatible for Editor in 0.31 ms, found 0 plugins.
Preloading 0 native plugins for Editor in 0.00 ms.
Unloading 1700 Unused Serialized files (Serialized files now loaded: 0)
System memory in use before: 80.7 MB.
System memory in use after: 80.8 MB.

Unloading 10 unused Assets to reduce memory usage. Loaded Objects now: 2322.
Total: 2.381600 ms (FindLiveObjects: 0.156300 ms CreateObjectMapping: 0.054300 ms MarkObjects: 2.122500 ms  DeleteObjects: 0.047700 ms)

========================================================================
Received Prepare
Registering precompiled user dll's ...
Registered in 0.001365 seconds.
Begin MonoManager ReloadAssembly
Native extension for WindowsStandalone target not found
Refreshing native plugins compatible for Editor in 0.33 ms, found 0 plugins.
Preloading 0 native plugins for Editor in 0.00 ms.
Mono: successfully reloaded assembly
- Completed reload, in  0.768 seconds
Platform modules already initialized, skipping
Refreshing native plugins compatible for Editor in 0.33 ms, found 0 plugins.
Preloading 0 native plugins for Editor in 0.00 ms.
Unloading 1700 Unused Serialized files (Serialized files now loaded: 0)
System memory in use before: 80.7 MB.
System memory in use after: 80.8 MB.

Unloading 10 unused Assets to reduce memory usage. Loaded Objects now: 2325.
Total: 1.785700 ms (FindLiveObjects: 0.155900 ms CreateObjectMapping: 0.048100 ms MarkObjects: 1.537100 ms  DeleteObjects: 0.043700 ms)

========================================================================
Received Prepare
Registering precompiled user dll's ...
Registered in 0.001325 seconds.
Begin MonoManager ReloadAssembly
Native extension for WindowsStandalone target not found
Refreshing native plugins compatible for Editor in 0.32 ms, found 0 plugins.
Preloading 0 native plugins for Editor in 0.00 ms.
Mono: successfully reloaded assembly
- Completed reload, in  1.577 seconds
Platform modules already initialized, skipping
Refreshing native plugins compatible for Editor in 0.32 ms, found 0 plugins.
Preloading 0 native plugins for Editor in 0.00 ms.
Unloading 1700 Unused Serialized files (Serialized files now loaded: 0)
System memory in use before: 80.7 MB.
System memory in use after: 80.8 MB.

Unloading 10 unused Assets to reduce memory usage. Loaded Objects now: 2328.
Total: 2.266800 ms (FindLiveObjects: 0.201600 ms CreateObjectMapping: 0.056400 ms MarkObjects: 1.955700 ms  DeleteObjects: 0.052100 ms)

========================================================================
Received Prepare
Registering precompiled user dll's ...
Registered in 0.001283 seconds.
Begin MonoManager ReloadAssembly
Native extension for WindowsStandalone target not found
Refreshing native plugins compatible for Editor in 0.34 ms, found 0 plugins.
Preloading 0 native plugins for Editor in 0.00 ms.
Mono: successfully reloaded assembly
- Completed reload, in  0.759 seconds
Platform modules already initialized, skipping
Refreshing native plugins compatible for Editor in 0.32 ms, found 0 plugins.
Preloading 0 native plugins for Editor in 0.00 ms.
Unloading 1700 Unused Serialized files (Serialized files now loaded: 0)
System memory in use before: 80.7 MB.
System memory in use after: 80.8 MB.

Unloading 10 unused Assets to reduce memory usage. Loaded Objects now: 2331.
Total: 1.903900 ms (FindLiveObjects: 0.196300 ms CreateObjectMapping: 0.066100 ms MarkObjects: 1.592400 ms  DeleteObjects: 0.047900 ms)

========================================================================
Received Prepare
Registering precompiled user dll's ...
Registered in 0.001283 seconds.
Begin MonoManager ReloadAssembly
Native extension for WindowsStandalone target not found
Refreshing native plugins compatible for Editor in 0.32 ms, found 0 plugins.
Preloading 0 native plugins for Editor in 0.00 ms.
Mono: successfully reloaded assembly
- Completed reload, in  0.750 seconds
Platform modules already initialized, skipping
Refreshing native plugins compatible for Editor in 0.28 ms, found 0 plugins.
Preloading 0 native plugins for Editor in 0.00 ms.
Unloading 1700 Unused Serialized files (Serialized files now loaded: 0)
System memory in use before: 80.7 MB.
System memory in use after: 80.8 MB.

Unloading 10 unused Assets to reduce memory usage. Loaded Objects now: 2334.
Total: 1.757800 ms (FindLiveObjects: 0.144800 ms CreateObjectMapping: 0.047600 ms MarkObjects: 1.527200 ms  DeleteObjects: 0.037600 ms)

========================================================================
Received Prepare
Registering precompiled user dll's ...
Registered in 0.001386 seconds.
Begin MonoManager ReloadAssembly
Native extension for WindowsStandalone target not found
Refreshing native plugins compatible for Editor in 0.31 ms, found 0 plugins.
Preloading 0 native plugins for Editor in 0.00 ms.
Mono: successfully reloaded assembly
- Completed reload, in  0.757 seconds
Platform modules already initialized, skipping
Refreshing native plugins compatible for Editor in 0.31 ms, found 0 plugins.
Preloading 0 native plugins for Editor in 0.00 ms.
Unloading 1700 Unused Serialized files (Serialized files now loaded: 0)
System memory in use before: 80.7 MB.
System memory in use after: 80.8 MB.

Unloading 10 unused Assets to reduce memory usage. Loaded Objects now: 2337.
Total: 1.860800 ms (FindLiveObjects: 0.170200 ms CreateObjectMapping: 0.057000 ms MarkObjects: 1.583400 ms  DeleteObjects: 0.049000 ms)

AssetImportWorkerClient::OnTransportError - code=2 error=End of file
